# JRE version: Java(TM) SE Runtime Environment (7.0_71-b14) (build 1.7.0_71-b14)
# Java VM: Java HotSpot(TM) 64-Bit Server VM (24.71-b01 mixed mode windows-amd64 compressed oops)
Heap
 PSYoungGen      total 396800K, used 227256K [0x00000007aaa80000, 0x00000007d8680000, 0x0000000800000000)
  eden space 118272K, 0% used [0x00000007aaa80000,0x00000007aaa80000,0x00000007b1e00000)
  from space 278528K, 81% used [0x00000007c4580000,0x00000007d236e2d8,0x00000007d5580000)
  to   space 302592K, 0% used [0x00000007b1e00000,0x00000007b1e00000,0x00000007c4580000)
 ParOldGen       total 479744K, used 479270K [0x0000000700000000, 0x000000071d480000, 0x00000007aaa80000)
  object space 479744K, 99% used [0x0000000700000000,0x000000071d409bf8,0x000000071d480000)
 PSPermGen       total 21504K, used 5409K [0x00000006fae00000, 0x00000006fc300000, 0x0000000700000000)
  object space 21504K, 25% used [0x00000006fae00000,0x00000006fb3485d0,0x00000006fc300000)
GC Heap History (10 events):
Event: 5.799 GC heap after
Heap after GC invocations=10 (full 2):
 PSYoungGen      total 259584K, used 139764K [0x00000007aaa80000, 0x00000007c9a80000, 0x0000000800000000)
  eden space 119808K, 0% used [0x00000007aaa80000,0x00000007aaa80000,0x00000007b1f80000)
  from space 139776K, 99% used [0x00000007bca00000,0x00000007c527d3c8,0x00000007c5280000)
  to   space 174592K, 0% used [0x00000007b1f80000,0x00000007b1f80000,0x00000007bca00000)
 ParOldGen       total 476672K, used 305419K [0x0000000700000000, 0x000000071d180000, 0x00000007aaa80000)
  object space 476672K, 64% used [0x0000000700000000,0x0000000712a42e18,0x000000071d180000)
 PSPermGen       total 21504K, used 5266K [0x00000006fae00000, 0x00000006fc300000, 0x0000000700000000)
  object space 21504K, 24% used [0x00000006fae00000,0x00000006fb324ae8,0x00000006fc300000)
}
Event: 6.303 GC heap before
{Heap before GC invocations=11 (full 2):
 PSYoungGen      total 259584K, used 259572K [0x00000007aaa80000, 0x00000007c9a80000, 0x0000000800000000)
  eden space 119808K, 100% used [0x00000007aaa80000,0x00000007b1f80000,0x00000007b1f80000)
  from space 139776K, 99% used [0x00000007bca00000,0x00000007c527d3c8,0x00000007c5280000)
  to   space 174592K, 0% used [0x00000007b1f80000,0x00000007b1f80000,0x00000007bca00000)
 ParOldGen       total 476672K, used 305419K [0x0000000700000000, 0x000000071d180000, 0x00000007aaa80000)
  object space 476672K, 64% used [0x0000000700000000,0x0000000712a42e18,0x000000071d180000)
 PSPermGen       total 21504K, used 5275K [0x00000006fae00000, 0x00000006fc300000, 0x0000000700000000)
  object space 21504K, 24% used [0x00000006fae00000,0x00000006fb326f18,0x00000006fc300000)
Event: 6.410 GC heap after
Heap after GC invocations=11 (full 2):
 PSYoungGen      total 294400K, used 174581K [0x00000007aaa80000, 0x00000007cd580000, 0x0000000800000000)
  eden space 119808K, 0% used [0x00000007aaa80000,0x00000007aaa80000,0x00000007b1f80000)
  from space 174592K, 99% used [0x00000007b1f80000,0x00000007bc9fd5e8,0x00000007bca00000)
  to   space 214528K, 0% used [0x00000007c0400000,0x00000007c0400000,0x00000007cd580000)
 ParOldGen       total 476672K, used 335478K [0x0000000700000000, 0x000000071d180000, 0x00000007aaa80000)
  object space 476672K, 70% used [0x0000000700000000,0x000000071479db48,0x000000071d180000)
 PSPermGen       total 21504K, used 5275K [0x00000006fae00000, 0x00000006fc300000, 0x0000000700000000)
  object space 21504K, 24% used [0x00000006fae00000,0x00000006fb326f18,0x00000006fc300000)
}
Event: 6.723 GC heap before
{Heap before GC invocations=12 (full 2):
 PSYoungGen      total 294400K, used 294389K [0x00000007aaa80000, 0x00000007cd580000, 0x0000000800000000)
  eden space 119808K, 100% used [0x00000007aaa80000,0x00000007b1f80000,0x00000007b1f80000)
  from space 174592K, 99% used [0x00000007b1f80000,0x00000007bc9fd5e8,0x00000007bca00000)
  to   space 214528K, 0% used [0x00000007c0400000,0x00000007c0400000,0x00000007cd580000)
 ParOldGen       total 476672K, used 335478K [0x0000000700000000, 0x000000071d180000, 0x00000007aaa80000)
  object space 476672K, 70% used [0x0000000700000000,0x000000071479db48,0x000000071d180000)
 PSPermGen       total 21504K, used 5396K [0x00000006fae00000, 0x00000006fc300000, 0x0000000700000000)
  object space 21504K, 25% used [0x00000006fae00000,0x00000006fb3453a8,0x00000006fc300000)
Event: 6.846 GC heap after
Heap after GC invocations=12 (full 2):
 PSYoungGen      total 331264K, used 188687K [0x00000007aaa80000, 0x00000007d0500000, 0x0000000800000000)
  eden space 116736K, 0% used [0x00000007aaa80000,0x00000007aaa80000,0x00000007b1c80000)
  from space 214528K, 87% used [0x00000007c0400000,0x00000007cbc43ec8,0x00000007cd580000)
  to   space 237056K, 0% used [0x00000007b1c80000,0x00000007b1c80000,0x00000007c0400000)
 ParOldGen       total 476672K, used 387701K [0x0000000700000000, 0x000000071d180000, 0x00000007aaa80000)
  object space 476672K, 81% used [0x0000000700000000,0x0000000717a9d5a8,0x000000071d180000)
 PSPermGen       total 21504K, used 5396K [0x00000006fae00000, 0x00000006fc300000, 0x0000000700000000)
  object space 21504K, 25% used [0x00000006fae00000,0x00000006fb3453a8,0x00000006fc300000)
}
Event: 7.122 GC heap before
{Heap before GC invocations=13 (full 2):
 PSYoungGen      total 331264K, used 305423K [0x00000007aaa80000, 0x00000007d0500000, 0x0000000800000000)
  eden space 116736K, 100% used [0x00000007aaa80000,0x00000007b1c80000,0x00000007b1c80000)
  from space 214528K, 87% used [0x00000007c0400000,0x00000007cbc43ec8,0x00000007cd580000)
  to   space 237056K, 0% used [0x00000007b1c80000,0x00000007b1c80000,0x00000007c0400000)
 ParOldGen       total 476672K, used 387701K [0x0000000700000000, 0x000000071d180000, 0x00000007aaa80000)
  object space 476672K, 81% used [0x0000000700000000,0x0000000717a9d5a8,0x000000071d180000)
 PSPermGen       total 21504K, used 5407K [0x00000006fae00000, 0x00000006fc300000, 0x0000000700000000)
  object space 21504K, 25% used [0x00000006fae00000,0x00000006fb347e80,0x00000006fc300000)
Event: 7.249 GC heap after
Heap after GC invocations=13 (full 2):
 PSYoungGen      total 353792K, used 237026K [0x00000007aaa80000, 0x00000007d5580000, 0x0000000800000000)
  eden space 116736K, 0% used [0x00000007aaa80000,0x00000007aaa80000,0x00000007b1c80000)
  from space 237056K, 99% used [0x00000007b1c80000,0x00000007c03f8910,0x00000007c0400000)
  to   space 278528K, 0% used [0x00000007c4580000,0x00000007c4580000,0x00000007d5580000)
 ParOldGen       total 476672K, used 402597K [0x0000000700000000, 0x000000071d180000, 0x00000007aaa80000)
  object space 476672K, 84% used [0x0000000700000000,0x0000000718929650,0x000000071d180000)
 PSPermGen       total 21504K, used 5407K [0x00000006fae00000, 0x00000006fc300000, 0x0000000700000000)
  object space 21504K, 25% used [0x00000006fae00000,0x00000006fb347e80,0x00000006fc300000)
}
Event: 7.538 GC heap before
{Heap before GC invocations=14 (full 2):
 PSYoungGen      total 353792K, used 353762K [0x00000007aaa80000, 0x00000007d5580000, 0x0000000800000000)
  eden space 116736K, 100% used [0x00000007aaa80000,0x00000007b1c80000,0x00000007b1c80000)
  from space 237056K, 99% used [0x00000007b1c80000,0x00000007c03f8910,0x00000007c0400000)
  to   space 278528K, 0% used [0x00000007c4580000,0x00000007c4580000,0x00000007d5580000)
 ParOldGen       total 476672K, used 402597K [0x0000000700000000, 0x000000071d180000, 0x00000007aaa80000)
  object space 476672K, 84% used [0x0000000700000000,0x0000000718929650,0x000000071d180000)
 PSPermGen       total 21504K, used 5409K [0x00000006fae00000, 0x00000006fc300000, 0x0000000700000000)
  object space 21504K, 25% used [0x00000006fae00000,0x00000006fb3485d0,0x00000006fc300000)
Event: 7.667 GC heap after
Heap after GC invocations=14 (full 2):
 PSYoungGen      total 396800K, used 227256K [0x00000007aaa80000, 0x00000007d8680000, 0x0000000800000000)
  eden space 118272K, 0% used [0x00000007aaa80000,0x00000007aaa80000,0x00000007b1e00000)
  from space 278528K, 81% used [0x00000007c4580000,0x00000007d236e2d8,0x00000007d5580000)
  to   space 302592K, 0% used [0x00000007b1e00000,0x00000007b1e00000,0x00000007c4580000)
 ParOldGen       total 479744K, used 479270K [0x0000000700000000, 0x000000071d480000, 0x00000007aaa80000)
  object space 479744K, 99% used [0x0000000700000000,0x000000071d409bf8,0x000000071d480000)
 PSPermGen       total 21504K, used 5409K [0x00000006fae00000, 0x00000006fc300000, 0x0000000700000000)
  object space 21504K, 25% used [0x00000006fae00000,0x00000006fb3485d0,0x00000006fc300000)
}
Event: 7.667 GC heap before
{Heap before GC invocations=15 (full 3):
 PSYoungGen      total 396800K, used 227256K [0x00000007aaa80000, 0x00000007d8680000, 0x0000000800000000)
  eden space 118272K, 0% used [0x00000007aaa80000,0x00000007aaa80000,0x00000007b1e00000)
  from space 278528K, 81% used [0x00000007c4580000,0x00000007d236e2d8,0x00000007d5580000)
  to   space 302592K, 0% used [0x00000007b1e00000,0x00000007b1e00000,0x00000007c4580000)
 ParOldGen       total 479744K, used 479270K [0x0000000700000000, 0x000000071d480000, 0x00000007aaa80000)
  object space 479744K, 99% used [0x0000000700000000,0x000000071d409bf8,0x000000071d480000)
 PSPermGen       total 21504K, used 5409K [0x00000006fae00000, 0x00000006fc300000, 0x0000000700000000)
  object space 21504K, 25% used [0x00000006fae00000,0x00000006fb3485d0,0x00000006fc300000)

